<?xml version="1.0" encoding="UTF-8"?>
<testsuite name="com.zlatko.dockertest2.DockerTest2ApplicationTests" tests="1" skipped="0" failures="0" errors="0" timestamp="2020-12-18T20:37:02" hostname="ZlatkosMac.fritz.box" time="0.407">
  <properties/>
  <testcase name="contextLoads()" classname="com.zlatko.dockertest2.DockerTest2ApplicationTests" time="0.407"/>
  <system-out><![CDATA[21:36:58.944 [Test worker] DEBUG org.springframework.test.context.BootstrapUtils - Instantiating CacheAwareContextLoaderDelegate from class [org.springframework.test.context.cache.DefaultCacheAwareContextLoaderDelegate]
21:36:58.964 [Test worker] DEBUG org.springframework.test.context.BootstrapUtils - Instantiating BootstrapContext using constructor [public org.springframework.test.context.support.DefaultBootstrapContext(java.lang.Class,org.springframework.test.context.CacheAwareContextLoaderDelegate)]
21:36:59.004 [Test worker] DEBUG org.springframework.test.context.BootstrapUtils - Instantiating TestContextBootstrapper for test class [com.zlatko.dockertest2.DockerTest2ApplicationTests] from class [org.springframework.boot.test.context.SpringBootTestContextBootstrapper]
21:36:59.020 [Test worker] INFO org.springframework.boot.test.context.SpringBootTestContextBootstrapper - Neither @ContextConfiguration nor @ContextHierarchy found for test class [com.zlatko.dockertest2.DockerTest2ApplicationTests], using SpringBootContextLoader
21:36:59.026 [Test worker] DEBUG org.springframework.test.context.support.AbstractContextLoader - Did not detect default resource location for test class [com.zlatko.dockertest2.DockerTest2ApplicationTests]: class path resource [com/zlatko/dockertest2/DockerTest2ApplicationTests-context.xml] does not exist
21:36:59.026 [Test worker] DEBUG org.springframework.test.context.support.AbstractContextLoader - Did not detect default resource location for test class [com.zlatko.dockertest2.DockerTest2ApplicationTests]: class path resource [com/zlatko/dockertest2/DockerTest2ApplicationTestsContext.groovy] does not exist
21:36:59.027 [Test worker] INFO org.springframework.test.context.support.AbstractContextLoader - Could not detect default resource locations for test class [com.zlatko.dockertest2.DockerTest2ApplicationTests]: no resource found for suffixes {-context.xml, Context.groovy}.
21:36:59.028 [Test worker] INFO org.springframework.test.context.support.AnnotationConfigContextLoaderUtils - Could not detect default configuration classes for test class [com.zlatko.dockertest2.DockerTest2ApplicationTests]: DockerTest2ApplicationTests does not declare any static, non-private, non-final, nested classes annotated with @Configuration.
21:36:59.093 [Test worker] DEBUG org.springframework.test.context.support.ActiveProfilesUtils - Could not find an 'annotation declaring class' for annotation type [org.springframework.test.context.ActiveProfiles] and class [com.zlatko.dockertest2.DockerTest2ApplicationTests]
21:36:59.155 [Test worker] DEBUG org.springframework.context.annotation.ClassPathScanningCandidateComponentProvider - Identified candidate component class: file [/Users/zlate87/workspace/docker-test2/build/classes/kotlin/main/com/zlatko/dockertest2/DockerTest2Application.class]
21:36:59.179 [Test worker] INFO org.springframework.boot.test.context.SpringBootTestContextBootstrapper - Found @SpringBootConfiguration com.zlatko.dockertest2.DockerTest2Application for test class com.zlatko.dockertest2.DockerTest2ApplicationTests
21:36:59.272 [Test worker] DEBUG org.springframework.boot.test.context.SpringBootTestContextBootstrapper - @TestExecutionListeners is not present for class [com.zlatko.dockertest2.DockerTest2ApplicationTests]: using defaults.
21:36:59.272 [Test worker] INFO org.springframework.boot.test.context.SpringBootTestContextBootstrapper - Loaded default TestExecutionListener class names from location [META-INF/spring.factories]: [org.springframework.boot.test.autoconfigure.restdocs.RestDocsTestExecutionListener, org.springframework.boot.test.autoconfigure.web.client.MockRestServiceServerResetTestExecutionListener, org.springframework.boot.test.autoconfigure.web.servlet.MockMvcPrintOnlyOnFailureTestExecutionListener, org.springframework.boot.test.autoconfigure.web.servlet.WebDriverTestExecutionListener, org.springframework.boot.test.autoconfigure.webservices.client.MockWebServiceServerTestExecutionListener, org.springframework.boot.test.mock.mockito.MockitoTestExecutionListener, org.springframework.boot.test.mock.mockito.ResetMocksTestExecutionListener, org.springframework.test.context.web.ServletTestExecutionListener, org.springframework.test.context.support.DirtiesContextBeforeModesTestExecutionListener, org.springframework.test.context.support.DependencyInjectionTestExecutionListener, org.springframework.test.context.support.DirtiesContextTestExecutionListener, org.springframework.test.context.transaction.TransactionalTestExecutionListener, org.springframework.test.context.jdbc.SqlScriptsTestExecutionListener, org.springframework.test.context.event.EventPublishingTestExecutionListener]
21:36:59.288 [Test worker] DEBUG org.springframework.boot.test.context.SpringBootTestContextBootstrapper - Skipping candidate TestExecutionListener [org.springframework.test.context.transaction.TransactionalTestExecutionListener] due to a missing dependency. Specify custom listener classes or make the default listener classes and their required dependencies available. Offending class: [org/springframework/transaction/TransactionDefinition]
21:36:59.288 [Test worker] DEBUG org.springframework.boot.test.context.SpringBootTestContextBootstrapper - Skipping candidate TestExecutionListener [org.springframework.test.context.jdbc.SqlScriptsTestExecutionListener] due to a missing dependency. Specify custom listener classes or make the default listener classes and their required dependencies available. Offending class: [org/springframework/transaction/interceptor/TransactionAttribute]
21:36:59.289 [Test worker] INFO org.springframework.boot.test.context.SpringBootTestContextBootstrapper - Using TestExecutionListeners: [org.springframework.test.context.web.ServletTestExecutionListener@28ececca, org.springframework.test.context.support.DirtiesContextBeforeModesTestExecutionListener@3f47c61d, org.springframework.boot.test.mock.mockito.MockitoTestExecutionListener@4d0c7623, org.springframework.boot.test.autoconfigure.SpringBootDependencyInjectionTestExecutionListener@4e3c1d69, org.springframework.test.context.support.DirtiesContextTestExecutionListener@1f922d8, org.springframework.test.context.event.EventPublishingTestExecutionListener@f7bd4, org.springframework.boot.test.autoconfigure.restdocs.RestDocsTestExecutionListener@2e1cb898, org.springframework.boot.test.autoconfigure.web.client.MockRestServiceServerResetTestExecutionListener@653f67, org.springframework.boot.test.autoconfigure.web.servlet.MockMvcPrintOnlyOnFailureTestExecutionListener@48422251, org.springframework.boot.test.autoconfigure.web.servlet.WebDriverTestExecutionListener@33682156, org.springframework.boot.test.autoconfigure.webservices.client.MockWebServiceServerTestExecutionListener@787b97db, org.springframework.boot.test.mock.mockito.ResetMocksTestExecutionListener@514c01b4]
21:36:59.294 [Test worker] DEBUG org.springframework.test.context.support.AbstractDirtiesContextTestExecutionListener - Before test class: context [DefaultTestContext@bf683a0 testClass = DockerTest2ApplicationTests, testInstance = [null], testMethod = [null], testException = [null], mergedContextConfiguration = [WebMergedContextConfiguration@18da2815 testClass = DockerTest2ApplicationTests, locations = '{}', classes = '{class com.zlatko.dockertest2.DockerTest2Application}', contextInitializerClasses = '[]', activeProfiles = '{}', propertySourceLocations = '{}', propertySourceProperties = '{org.springframework.boot.test.context.SpringBootTestContextBootstrapper=true}', contextCustomizers = set[org.springframework.boot.test.autoconfigure.actuate.metrics.MetricsExportContextCustomizerFactory$DisableMetricExportContextCustomizer@2ceb896, org.springframework.boot.test.autoconfigure.properties.PropertyMappingContextCustomizer@0, org.springframework.boot.test.autoconfigure.web.servlet.WebDriverContextCustomizerFactory$Customizer@7cc92e8d, org.springframework.boot.test.context.filter.ExcludeFilterContextCustomizer@6a75e834, org.springframework.boot.test.json.DuplicateJsonObjectContextCustomizerFactory$DuplicateJsonObjectContextCustomizer@6150d2a1, org.springframework.boot.test.mock.mockito.MockitoContextCustomizer@0, org.springframework.boot.test.web.client.TestRestTemplateContextCustomizer@14a10890, org.springframework.boot.test.context.SpringBootTestArgs@1, org.springframework.boot.test.context.SpringBootTestWebEnvironment@326ee695], resourceBasePath = 'src/main/webapp', contextLoader = 'org.springframework.boot.test.context.SpringBootContextLoader', parent = [null]], attributes = map['org.springframework.test.context.web.ServletTestExecutionListener.activateListener' -> true]], class annotated with @DirtiesContext [false] with mode [null].
21:36:59.321 [Test worker] DEBUG org.springframework.test.context.support.TestPropertySourceUtils - Adding inlined properties to environment: {spring.jmx.enabled=false, org.springframework.boot.test.context.SpringBootTestContextBootstrapper=true}

  .   ____          _            __ _ _
 /\\ / ___'_ __ _ _(_)_ __  __ _ \ \ \ \
( ( )\___ | '_ | '_| | '_ \/ _` | \ \ \ \
 \\/  ___)| |_)| | | | | || (_| |  ) ) ) )
  '  |____| .__|_| |_|_| |_\__, | / / / /
 =========|_|==============|___/=/_/_/_/
 :: Spring Boot ::                (v2.4.1)

2020-12-18 21:36:59.521  INFO 13263 --- [    Test worker] c.z.d.DockerTest2ApplicationTests        : Starting DockerTest2ApplicationTests using Java 1.8.0_162 on ZlatkosMac.fritz.box with PID 13263 (started by zlate87 in /Users/zlate87/workspace/docker-test2)
2020-12-18 21:36:59.524  INFO 13263 --- [    Test worker] c.z.d.DockerTest2ApplicationTests        : No active profile set, falling back to default profiles: default
2020-12-18 21:37:01.704  INFO 13263 --- [    Test worker] o.s.s.concurrent.ThreadPoolTaskExecutor  : Initializing ExecutorService 'applicationTaskExecutor'
2020-12-18 21:37:02.303  INFO 13263 --- [    Test worker] c.z.d.DockerTest2ApplicationTests        : Started DockerTest2ApplicationTests in 2.973 seconds (JVM running for 4.393)
]]></system-out>
  <system-err><![CDATA[]]></system-err>
</testsuite>
